C51 COMPILER V9.53.0.0   UART                                                              12/29/2018 16:30:01 PAGE 1   


C51 COMPILER V9.53.0.0, COMPILATION OF MODULE UART
OBJECT MODULE PLACED IN uart.OBJ
COMPILER INVOKED BY: F:\Keil_v5\C51\BIN\C51.EXE uart.c OPTIMIZE(8,SPEED) BROWSE DEBUG OBJECTEXTEND TABS(2)

line level    source

   1          /************************************************************************************
   2          Copyright,  LCE STUDIO  
   3          程序名称：串口1通讯函数（晶振频率18.432MHz）  
   4          功能说明: 串口1初始化,字符发送与字符串发送函数,波特率9600bps
   5                    串口2初始化,字符发送与字符串发送函数,波特率115200bps
   6          程序版本：1.0 （2017/11）
   7          阿里旺旺：rob1983
   8          淘宝店铺：https://LCES.taobao.com 
   9          ************************************************************************************/ 
  10          
  11          #include "stc15f2k60s2.h"
  12          #include "intrins.h"
  13          #define S2RI  0x01              //S2CON.0
  14          #define S2TI  0x02              //S2CON.1
  15          #define S2RB8 0x04              //S2CON.2
  16          #define S2TB8 0x08              //S2CON.3
  17          void SendData(unsigned char ch);
  18          void SendString(char *s);
  19          void UartInit(void);
  20          void U2SendString(char *s);
  21          void U2SendData(unsigned char ch);
  22          
  23          #define LED2  P07
  24          
  25          /*----------------------------
  26          串口初始化
  27          ----------------------------*/
  28          
  29          void UartInit(void) 
  30          {
  31   1        SCON = 0x50;    //8位数据,可变波特率
  32   1        TMOD = 0x20;  //初始化定时器1工作在模式2（8位自动重装模式）
  33   1        TL1 = 0x20;       //设定定时初值
  34   1        TH1 = 0xFE;     //设定定时器重装值
  35   1        //PCON = 0x80;  //波特率加倍位打开
  36   1        ES = 1;       //打开串口中断
  37   1        TR1 = 1;      //启动定时器1
  38   1      }
  39          
  40          
  41          /*----------------------------
  42          发送串口数据
  43          ----------------------------*/
  44          void SendData(unsigned char ch)
  45          {
  46   1          SBUF = ch;                 //写数据到UART数据寄存器
  47   1          while(TI == 0);
  48   1          TI = 0;
  49   1      }
  50          
  51          /*----------------------------
  52          发送字符串
  53          ----------------------------*/
  54          void SendString(char *s)
  55          {
C51 COMPILER V9.53.0.0   UART                                                              12/29/2018 16:30:01 PAGE 2   

  56   1          while (*s)                  //检测字符串结束标志
  57   1          {
  58   2              SendData(*s++);         //发送当前字符
  59   2            LED2=!LED2;
  60   2          }
  61   1      }
  62          
  63          /*----------------------------
  64          通过串口2发送串口数据
  65          ----------------------------*/
  66          void U2SendData(unsigned char ch)
  67          {
  68   1          S2BUF = ch;                 //写数据到UART数据寄存器
  69   1          while(!(S2CON&S2TI));    
  70   1          S2CON&=~S2TI;
  71   1      }
  72          
  73          /*----------------------------
  74          通过串口2发送字符串
  75          ----------------------------*/
  76          void U2SendString(char *s)
  77          {
  78   1          while (*s)                  //检测字符串结束标志
  79   1          {
  80   2              U2SendData(*s++);         //发送当前字符
  81   2          }
  82   1      }
  83          
  84          


MODULE INFORMATION:   STATIC OVERLAYABLE
   CODE SIZE        =    112    ----
   CONSTANT SIZE    =   ----    ----
   XDATA SIZE       =   ----    ----
   PDATA SIZE       =   ----    ----
   DATA SIZE        =   ----       6
   IDATA SIZE       =   ----    ----
   BIT SIZE         =   ----    ----
END OF MODULE INFORMATION.


C51 COMPILATION COMPLETE.  0 WARNING(S),  0 ERROR(S)
